fivegmag_sampleplayer/app/build/intermediates/manifest_merge_blame_file/debug/manifest-merger-blame-debug-report.txt
1<?xml version="1.0" encoding="utf-8"?>
2<manifest xmlns:android="http://schemas.android.com/apk/res/android"
3    package="com.example.fivegmag"
4    android:versionCode="1"
5    android:versionName="1.0" >
6
7    <uses-sdk
8        android:minSdkVersion="26"
8-->src\main\AndroidManifest.xml
9        android:targetSdkVersion="33" />
9-->src\main\AndroidManifest.xml
10
11    <uses-permission android:name="android.permission.INTERNET" />
11-->src\main\AndroidManifest.xml:5:5-67
11-->src\main\AndroidManifest.xml:5:22-64
12    <uses-permission android:name="android.permission.ACCESS_NETWORK_STATE" />
12-->src\main\AndroidManifest.xml:6:5-79
12-->src\main\AndroidManifest.xml:6:22-76
13
14    <application
14-->src\main\AndroidManifest.xml:7:5-31:19
15        android:allowBackup="true"
15-->src\main\AndroidManifest.xml:8:9-35
16        android:appComponentFactory="androidx.core.app.CoreComponentFactory"
16-->[androidx.core:core:1.8.0] AndroidManifest.xml:24:18-86
17        android:dataExtractionRules="@xml/data_extraction_rules"
17-->src\main\AndroidManifest.xml:9:9-65
18        android:debuggable="true"
19        android:extractNativeLibs="false"
20        android:fullBackupContent="@xml/backup_rules"
20-->src\main\AndroidManifest.xml:10:9-54
21        android:icon="@drawable/ic_launcher_foreground"
21-->src\main\AndroidManifest.xml:11:9-56
22        android:label="5G-MAG Player"
22-->src\main\AndroidManifest.xml:12:9-38
23        android:networkSecurityConfig="@xml/network_security_config"
23-->src\main\AndroidManifest.xml:16:9-69
24        android:roundIcon="@mipmap/ic_launcher_round"
24-->src\main\AndroidManifest.xml:13:9-54
25        android:supportsRtl="true"
25-->src\main\AndroidManifest.xml:14:9-35
26        android:testOnly="true"
27        android:theme="@style/Theme.Fivegmag"
27-->src\main\AndroidManifest.xml:15:9-46
28        android:usesCleartextTraffic="true" >
28-->src\main\AndroidManifest.xml:17:9-44
29        <activity
29-->src\main\AndroidManifest.xml:19:9-30:20
30            android:name="com.example.fivegmag.MainActivity"
30-->src\main\AndroidManifest.xml:20:13-41
31            android:exported="true" >
31-->src\main\AndroidManifest.xml:21:13-36
32            <intent-filter>
32-->src\main\AndroidManifest.xml:22:13-25:29
33                <action android:name="android.intent.action.MAIN" />
33-->src\main\AndroidManifest.xml:23:17-69
33-->src\main\AndroidManifest.xml:23:25-66
34
35                <category android:name="android.intent.category.LAUNCHER" />
35-->src\main\AndroidManifest.xml:24:17-77
35-->src\main\AndroidManifest.xml:24:27-74
36            </intent-filter>
37
38            <meta-data
38-->src\main\AndroidManifest.xml:27:13-29:36
39                android:name="android.app.lib_name"
39-->src\main\AndroidManifest.xml:28:17-52
40                android:value="" />
40-->src\main\AndroidManifest.xml:29:17-33
41        </activity>
42
43        <provider
43-->[androidx.emoji2:emoji2:1.2.0] AndroidManifest.xml:24:9-32:20
44            android:name="androidx.startup.InitializationProvider"
44-->[androidx.emoji2:emoji2:1.2.0] AndroidManifest.xml:25:13-67
45            android:authorities="com.example.fivegmag.androidx-startup"
45-->[androidx.emoji2:emoji2:1.2.0] AndroidManifest.xml:26:13-68
46            android:exported="false" >
46-->[androidx.emoji2:emoji2:1.2.0] AndroidManifest.xml:27:13-37
47            <meta-data
47-->[androidx.emoji2:emoji2:1.2.0] AndroidManifest.xml:29:13-31:52
48                android:name="androidx.emoji2.text.EmojiCompatInitializer"
48-->[androidx.emoji2:emoji2:1.2.0] AndroidManifest.xml:30:17-75
49                android:value="androidx.startup" />
49-->[androidx.emoji2:emoji2:1.2.0] AndroidManifest.xml:31:17-49
50            <meta-data
50-->[androidx.lifecycle:lifecycle-process:2.4.1] AndroidManifest.xml:31:13-33:52
51                android:name="androidx.lifecycle.ProcessLifecycleInitializer"
51-->[androidx.lifecycle:lifecycle-process:2.4.1] AndroidManifest.xml:32:17-78
52                android:value="androidx.startup" />
52-->[androidx.lifecycle:lifecycle-process:2.4.1] AndroidManifest.xml:33:17-49
53        </provider>
54    </application>
55
56</manifest>